<?xml version="1.0" encoding="UTF-8"?>
<testsuite name="test.java.Testing" tests="1" skipped="0" failures="0" errors="0" timestamp="2014-12-13T16:38:12" hostname="Alexander" time="0.005">
  <properties/>
  <testcase name="asserterMath" classname="test.java.Testing" time="0.005"/>
  <system-out><![CDATA[]]></system-out>
  <system-err><![CDATA[]]></system-err>
</testsuite>
